<?xml version="1.0" encoding="UTF-8"?>
<!-- Generated by org.testng.reporters.JUnitReportReporter -->
<testsuite skipped="4" hostname="WIN-Q5M9TTPRAOJ" name="testcases.leads.TC001_CreateLead" tests="5" failures="0" timestamp="21 Apr 2018 06:10:02 GMT" time="0.000" errors="1">
  <testcase name="loginLeaftaps" time="0.000" classname="testcases.leads.TC001_CreateLead">
    <skipped/>
  </testcase> <!-- loginLeaftaps -->
  <testcase name="loginFunctionLeaftaps" time="0.000" classname="testcases.leads.TC001_CreateLead">
    <error type="org.testng.TestNGException" message="
Parameter &#039;url&#039; is required by BeforeMethod on method loginFunctionLeaftaps but has not been marked @Optional or defined
in F:\SelTraining\Selenium\testng.xml">
      <![CDATA[org.testng.TestNGException: 
Parameter 'url' is required by BeforeMethod on method loginFunctionLeaftaps but has not been marked @Optional or defined
in F:\SelTraining\Selenium\testng.xml
at org.testng.internal.Parameters.createParams(Parameters.java:290)
at org.testng.internal.Parameters.createParametersForMethod(Parameters.java:359)
at org.testng.internal.Parameters.createParameters(Parameters.java:620)
at org.testng.internal.Parameters.createConfigurationParameters(Parameters.java:190)
at org.testng.internal.Invoker.invokeConfigurations(Invoker.java:209)
at org.testng.internal.Invoker.invokeMethod(Invoker.java:520)
at org.testng.internal.Invoker.invokeTestMethod(Invoker.java:716)
at org.testng.internal.Invoker.invokeTestMethods(Invoker.java:988)
at org.testng.internal.TestMethodWorker.invokeTestMethods(TestMethodWorker.java:125)
at org.testng.internal.TestMethodWorker.run(TestMethodWorker.java:109)
at org.testng.TestRunner.privateRun(TestRunner.java:648)
at org.testng.TestRunner.run(TestRunner.java:505)
at org.testng.SuiteRunner.runTest(SuiteRunner.java:455)
at org.testng.SuiteRunner.runSequentially(SuiteRunner.java:450)
at org.testng.SuiteRunner.privateRun(SuiteRunner.java:415)
at org.testng.SuiteRunner.run(SuiteRunner.java:364)
at org.testng.SuiteRunnerWorker.runSuite(SuiteRunnerWorker.java:52)
at org.testng.SuiteRunnerWorker.run(SuiteRunnerWorker.java:84)
at org.testng.TestNG.runSuitesSequentially(TestNG.java:1208)
at org.testng.TestNG.runSuitesLocally(TestNG.java:1137)
at org.testng.TestNG.runSuites(TestNG.java:1049)
at org.testng.TestNG.run(TestNG.java:1017)
at org.testng.remote.AbstractRemoteTestNG.run(AbstractRemoteTestNG.java:114)
at org.testng.remote.RemoteTestNG.initAndRun(RemoteTestNG.java:251)
at org.testng.remote.RemoteTestNG.main(RemoteTestNG.java:77)
]]>
    </error>
  </testcase> <!-- loginFunctionLeaftaps -->
  <testcase name="loginLeaftaps" time="0.000" classname="testcases.leads.TC001_CreateLead">
    <skipped/>
  </testcase> <!-- loginLeaftaps -->
  <testcase name="loginLeaftaps" time="0.000" classname="testcases.leads.TC001_CreateLead">
    <skipped/>
  </testcase> <!-- loginLeaftaps -->
  <testcase name="loginLeaftaps" time="0.000" classname="testcases.leads.TC001_CreateLead">
    <skipped/>
  </testcase> <!-- loginLeaftaps -->
</testsuite> <!-- testcases.leads.TC001_CreateLead -->
